<?xml version="1.0" encoding="UTF-8"?>
<testsuite xmlns:xsi="http://www.w3.org/2001/XMLSchema-instance" xsi:noNamespaceSchemaLocation="https://maven.apache.org/surefire/maven-surefire-plugin/xsd/surefire-test-report-3.0.xsd" version="3.0" name="DirectionTest" time="0.071" tests="1" errors="0" skipped="0" failures="0">
  <properties>
    <property name="java.specification.version" value="22"/>
    <property name="sun.cpu.isalist" value="amd64"/>
    <property name="sun.jnu.encoding" value="Cp1250"/>
    <property name="java.class.path" value="C:\Users\seregi.peter\Desktop\suli\4_felev\szofttech\blast-masters\target\test-classes;C:\Users\seregi.peter\Desktop\suli\4_felev\szofttech\blast-masters\target\classes;C:\Users\seregi.peter\.m2\repository\junit\junit\4.13.2\junit-4.13.2.jar;C:\Users\seregi.peter\.m2\repository\org\hamcrest\hamcrest-core\1.3\hamcrest-core-1.3.jar;"/>
    <property name="java.vm.vendor" value="Oracle Corporation"/>
    <property name="sun.arch.data.model" value="64"/>
    <property name="user.variant" value=""/>
    <property name="java.vendor.url" value="https://java.oracle.com/"/>
    <property name="user.timezone" value="Europe/Budapest"/>
    <property name="os.name" value="Windows 11"/>
    <property name="java.vm.specification.version" value="22"/>
    <property name="sun.java.launcher" value="SUN_STANDARD"/>
    <property name="user.country" value="HU"/>
    <property name="sun.boot.library.path" value="C:\Users\seregi.peter\.jdks\openjdk-22\bin"/>
    <property name="sun.java.command" value="C:\Users\seregi.peter\AppData\Local\Temp\surefire2618397168351374103\surefirebooter-20240422103912142_3.jar C:\Users\seregi.peter\AppData\Local\Temp\surefire2618397168351374103 2024-04-22T10-39-11_487-jvmRun1 surefire-20240422103912142_1tmp surefire_0-20240422103912142_2tmp"/>
    <property name="jdk.debug" value="release"/>
    <property name="surefire.test.class.path" value="C:\Users\seregi.peter\Desktop\suli\4_felev\szofttech\blast-masters\target\test-classes;C:\Users\seregi.peter\Desktop\suli\4_felev\szofttech\blast-masters\target\classes;C:\Users\seregi.peter\.m2\repository\junit\junit\4.13.2\junit-4.13.2.jar;C:\Users\seregi.peter\.m2\repository\org\hamcrest\hamcrest-core\1.3\hamcrest-core-1.3.jar;"/>
    <property name="sun.cpu.endian" value="little"/>
    <property name="user.home" value="C:\Users\seregi.peter"/>
    <property name="user.language" value="hu"/>
    <property name="java.specification.vendor" value="Oracle Corporation"/>
    <property name="java.version.date" value="2024-03-19"/>
    <property name="java.home" value="C:\Users\seregi.peter\.jdks\openjdk-22"/>
    <property name="file.separator" value="\"/>
    <property name="basedir" value="C:\Users\seregi.peter\Desktop\suli\4_felev\szofttech\blast-masters"/>
    <property name="java.vm.compressedOopsMode" value="Zero based"/>
    <property name="line.separator" value="&#10;"/>
    <property name="java.vm.specification.vendor" value="Oracle Corporation"/>
    <property name="java.specification.name" value="Java Platform API Specification"/>
    <property name="surefire.real.class.path" value="C:\Users\seregi.peter\AppData\Local\Temp\surefire2618397168351374103\surefirebooter-20240422103912142_3.jar"/>
    <property name="user.script" value=""/>
    <property name="sun.management.compiler" value="HotSpot 64-Bit Tiered Compilers"/>
    <property name="java.runtime.version" value="22+36-2370"/>
    <property name="user.name" value="seregi.peter"/>
    <property name="stdout.encoding" value="Cp1250"/>
    <property name="path.separator" value=";"/>
    <property name="os.version" value="10.0"/>
    <property name="java.runtime.name" value="OpenJDK Runtime Environment"/>
    <property name="file.encoding" value="UTF-8"/>
    <property name="java.vm.name" value="OpenJDK 64-Bit Server VM"/>
    <property name="localRepository" value="C:\Users\seregi.peter\.m2\repository"/>
    <property name="java.vendor.url.bug" value="https://bugreport.java.com/bugreport/"/>
    <property name="java.io.tmpdir" value="C:\Users\SEREGI~1.PET\AppData\Local\Temp\"/>
    <property name="idea.version" value="2023.3.5"/>
    <property name="java.version" value="22"/>
    <property name="user.dir" value="C:\Users\seregi.peter\Desktop\suli\4_felev\szofttech\blast-masters"/>
    <property name="os.arch" value="amd64"/>
    <property name="java.vm.specification.name" value="Java Virtual Machine Specification"/>
    <property name="sun.os.patch.level" value=""/>
    <property name="native.encoding" value="Cp1250"/>
    <property name="java.library.path" value="C:\Users\seregi.peter\.jdks\openjdk-22\bin;C:\windows\Sun\Java\bin;C:\windows\system32;C:\windows;C:\Program Files\Common Files\Oracle\Java\javapath;C:\Program Files (x86)\Common Files\Oracle\Java\javapath;C:\windows\system32;C:\windows;C:\windows\System32\Wbem;C:\windows\System32\WindowsPowerShell\v1.0\;C:\windows\System32\OpenSSH\;C:\ProgramData\Oracle\Java\javapath;C:\windows\system32;C:\windows;C:\windows\System32\Wbem;C:\windows\System32\WindowsPowerShell\v1.0\;C:\windows\System32\OpenSSH\;C:\Program Files\nodejs\;C:\Program Files\TortoiseGit\bin;C:\Program Files\dotnet\;C:\Program Files\Git\cmd;C:\Program Files\PuTTY\;C:\Program Files\Java\jdk-17\bin;C:\Users\seregi.peter\AppData\Local\Programs\Python\Launcher\;C:\Users\seregi.peter\AppData\Local\Microsoft\WindowsApps;C:\Users\seregi.peter\AppData\Local\Programs\Microsoft VS Code\bin;C:\Users\seregi.peter\AppData\Local\Programs\Python\Python312\Scripts;C:\Users\seregi.peter\AppData\Local\Programs\php;C:\Users\seregi.peter\AppData\Local\Programs\composer;."/>
    <property name="java.vm.info" value="mixed mode, sharing"/>
    <property name="stderr.encoding" value="Cp1250"/>
    <property name="java.vendor" value="Oracle Corporation"/>
    <property name="java.vm.version" value="22+36-2370"/>
    <property name="sun.io.unicode.encoding" value="UnicodeLittle"/>
    <property name="java.class.version" value="66.0"/>
  </properties>
  <testcase name="TestDirection" classname="DirectionTest" time="0.006"/>
</testsuite>